
*** Running vivado
    with args -log block_design_0_proc_sys_reset_3_0.vds -m64 -mode batch -messageDb vivado.pb -notrace -source block_design_0_proc_sys_reset_3_0.tcl


****** Vivado v2016.2 (64-bit)
  **** SW Build 1577090 on Thu Jun  2 16:32:35 MDT 2016
  **** IP Build 1577682 on Fri Jun  3 12:00:54 MDT 2016
    ** Copyright 1986-2016 Xilinx, Inc. All Rights Reserved.

source block_design_0_proc_sys_reset_3_0.tcl -notrace
Command: synth_design -top block_design_0_proc_sys_reset_3_0 -part xc7z010clg400-1 -mode out_of_context
Starting synth_design
Attempting to get a license for feature 'Synthesis' and/or device 'xc7z010'
INFO: [Common 17-349] Got license for feature 'Synthesis' and/or device 'xc7z010'
INFO: Launching helper process for spawning children vivado processes
INFO: Helper process launched with PID 19856 
---------------------------------------------------------------------------------
Starting RTL Elaboration : Time (s): cpu = 00:00:08 ; elapsed = 00:00:08 . Memory (MB): peak = 1049.121 ; gain = 157.137 ; free physical = 4031 ; free virtual = 30942
---------------------------------------------------------------------------------
INFO: [Synth 8-638] synthesizing module 'block_design_0_proc_sys_reset_3_0' [/opt/Xilinx/Projects/zybo_petalinux_video_hls/zybo_petalinux_video_hls.srcs/sources_1/bd/block_design_0/ip/block_design_0_proc_sys_reset_3_0/synth/block_design_0_proc_sys_reset_3_0.vhd:71]
	Parameter C_FAMILY bound to: zynq - type: string 
	Parameter C_EXT_RST_WIDTH bound to: 4 - type: integer 
	Parameter C_AUX_RST_WIDTH bound to: 4 - type: integer 
	Parameter C_EXT_RESET_HIGH bound to: 1'b0 
	Parameter C_AUX_RESET_HIGH bound to: 1'b0 
	Parameter C_NUM_BUS_RST bound to: 1 - type: integer 
	Parameter C_NUM_PERP_RST bound to: 1 - type: integer 
	Parameter C_NUM_INTERCONNECT_ARESETN bound to: 1 - type: integer 
	Parameter C_NUM_PERP_ARESETN bound to: 1 - type: integer 
INFO: [Synth 8-3491] module 'proc_sys_reset' declared at '/opt/Xilinx/Projects/zybo_petalinux_video_hls/zybo_petalinux_video_hls.srcs/sources_1/bd/block_design_0/ipshared/xilinx.com/proc_sys_reset_v5_0/hdl/src/vhdl/proc_sys_reset.vhd:140' bound to instance 'U0' of component 'proc_sys_reset' [/opt/Xilinx/Projects/zybo_petalinux_video_hls/zybo_petalinux_video_hls.srcs/sources_1/bd/block_design_0/ip/block_design_0_proc_sys_reset_3_0/synth/block_design_0_proc_sys_reset_3_0.vhd:116]
INFO: [Synth 8-638] synthesizing module 'proc_sys_reset' [/opt/Xilinx/Projects/zybo_petalinux_video_hls/zybo_petalinux_video_hls.srcs/sources_1/bd/block_design_0/ipshared/xilinx.com/proc_sys_reset_v5_0/hdl/src/vhdl/proc_sys_reset.vhd:199]
	Parameter C_FAMILY bound to: zynq - type: string 
	Parameter C_EXT_RST_WIDTH bound to: 4 - type: integer 
	Parameter C_AUX_RST_WIDTH bound to: 4 - type: integer 
	Parameter C_EXT_RESET_HIGH bound to: 1'b0 
	Parameter C_AUX_RESET_HIGH bound to: 1'b0 
	Parameter C_NUM_BUS_RST bound to: 1 - type: integer 
	Parameter C_NUM_PERP_RST bound to: 1 - type: integer 
	Parameter C_NUM_INTERCONNECT_ARESETN bound to: 1 - type: integer 
	Parameter C_NUM_PERP_ARESETN bound to: 1 - type: integer 
INFO: [Synth 8-638] synthesizing module 'lpf' [/opt/Xilinx/Projects/zybo_petalinux_video_hls/zybo_petalinux_video_hls.srcs/sources_1/bd/block_design_0/ipshared/xilinx.com/proc_sys_reset_v5_0/hdl/src/vhdl/lpf.vhd:138]
	Parameter C_EXT_RST_WIDTH bound to: 4 - type: integer 
	Parameter C_AUX_RST_WIDTH bound to: 4 - type: integer 
	Parameter C_EXT_RESET_HIGH bound to: 1'b0 
	Parameter C_AUX_RESET_HIGH bound to: 1'b0 
INFO: [Synth 8-3491] module 'SRL16' declared at '/opt/Xilinx/Vivado/2016.2/scripts/rt/data/unisim_comp.v:43294' bound to instance 'POR_SRL_I' of component 'SRL16' [/opt/Xilinx/Projects/zybo_petalinux_video_hls/zybo_petalinux_video_hls.srcs/sources_1/bd/block_design_0/ipshared/xilinx.com/proc_sys_reset_v5_0/hdl/src/vhdl/lpf.vhd:190]
INFO: [Synth 8-638] synthesizing module 'SRL16' [/opt/Xilinx/Vivado/2016.2/scripts/rt/data/unisim_comp.v:43294]
	Parameter INIT bound to: 16'b0000000000000000 
INFO: [Synth 8-256] done synthesizing module 'SRL16' (1#1) [/opt/Xilinx/Vivado/2016.2/scripts/rt/data/unisim_comp.v:43294]
INFO: [Synth 8-638] synthesizing module 'cdc_sync' [/opt/Xilinx/Projects/zybo_petalinux_video_hls/zybo_petalinux_video_hls.srcs/sources_1/bd/block_design_0/ipshared/xilinx.com/lib_cdc_v1_0/hdl/src/vhdl/cdc_sync.vhd:106]
	Parameter C_CDC_TYPE bound to: 1 - type: integer 
	Parameter C_RESET_STATE bound to: 0 - type: integer 
	Parameter C_SINGLE_BIT bound to: 1 - type: integer 
	Parameter C_FLOP_INPUT bound to: 0 - type: integer 
	Parameter C_VECTOR_WIDTH bound to: 2 - type: integer 
	Parameter C_MTBF_STAGES bound to: 4 - type: integer 
	Parameter INIT bound to: 1'b0 
INFO: [Synth 8-113] binding component instance 'CROSS_PLEVEL_IN2SCNDRY_IN_cdc_to' to cell 'FDR' [/opt/Xilinx/Projects/zybo_petalinux_video_hls/zybo_petalinux_video_hls.srcs/sources_1/bd/block_design_0/ipshared/xilinx.com/lib_cdc_v1_0/hdl/src/vhdl/cdc_sync.vhd:514]
	Parameter INIT bound to: 1'b0 
INFO: [Synth 8-113] binding component instance 'CROSS_PLEVEL_IN2SCNDRY_s_level_out_d2' to cell 'FDR' [/opt/Xilinx/Projects/zybo_petalinux_video_hls/zybo_petalinux_video_hls.srcs/sources_1/bd/block_design_0/ipshared/xilinx.com/lib_cdc_v1_0/hdl/src/vhdl/cdc_sync.vhd:545]
	Parameter INIT bound to: 1'b0 
INFO: [Synth 8-113] binding component instance 'CROSS_PLEVEL_IN2SCNDRY_s_level_out_d3' to cell 'FDR' [/opt/Xilinx/Projects/zybo_petalinux_video_hls/zybo_petalinux_video_hls.srcs/sources_1/bd/block_design_0/ipshared/xilinx.com/lib_cdc_v1_0/hdl/src/vhdl/cdc_sync.vhd:554]
	Parameter INIT bound to: 1'b0 
INFO: [Synth 8-113] binding component instance 'CROSS_PLEVEL_IN2SCNDRY_s_level_out_d4' to cell 'FDR' [/opt/Xilinx/Projects/zybo_petalinux_video_hls/zybo_petalinux_video_hls.srcs/sources_1/bd/block_design_0/ipshared/xilinx.com/lib_cdc_v1_0/hdl/src/vhdl/cdc_sync.vhd:564]
	Parameter INIT bound to: 1'b0 
INFO: [Synth 8-113] binding component instance 'CROSS_PLEVEL_IN2SCNDRY_s_level_out_d5' to cell 'FDR' [/opt/Xilinx/Projects/zybo_petalinux_video_hls/zybo_petalinux_video_hls.srcs/sources_1/bd/block_design_0/ipshared/xilinx.com/lib_cdc_v1_0/hdl/src/vhdl/cdc_sync.vhd:574]
	Parameter INIT bound to: 1'b0 
INFO: [Synth 8-113] binding component instance 'CROSS_PLEVEL_IN2SCNDRY_s_level_out_d6' to cell 'FDR' [/opt/Xilinx/Projects/zybo_petalinux_video_hls/zybo_petalinux_video_hls.srcs/sources_1/bd/block_design_0/ipshared/xilinx.com/lib_cdc_v1_0/hdl/src/vhdl/cdc_sync.vhd:584]
INFO: [Synth 8-256] done synthesizing module 'cdc_sync' (2#1) [/opt/Xilinx/Projects/zybo_petalinux_video_hls/zybo_petalinux_video_hls.srcs/sources_1/bd/block_design_0/ipshared/xilinx.com/lib_cdc_v1_0/hdl/src/vhdl/cdc_sync.vhd:106]
INFO: [Synth 8-256] done synthesizing module 'lpf' (3#1) [/opt/Xilinx/Projects/zybo_petalinux_video_hls/zybo_petalinux_video_hls.srcs/sources_1/bd/block_design_0/ipshared/xilinx.com/proc_sys_reset_v5_0/hdl/src/vhdl/lpf.vhd:138]
INFO: [Synth 8-638] synthesizing module 'sequence_psr' [/opt/Xilinx/Projects/zybo_petalinux_video_hls/zybo_petalinux_video_hls.srcs/sources_1/bd/block_design_0/ipshared/xilinx.com/proc_sys_reset_v5_0/hdl/src/vhdl/sequence_psr.vhd:146]
INFO: [Synth 8-638] synthesizing module 'upcnt_n' [/opt/Xilinx/Projects/zybo_petalinux_video_hls/zybo_petalinux_video_hls.srcs/sources_1/bd/block_design_0/ipshared/xilinx.com/proc_sys_reset_v5_0/hdl/src/vhdl/upcnt_n.vhd:125]
	Parameter C_SIZE bound to: 6 - type: integer 
INFO: [Synth 8-256] done synthesizing module 'upcnt_n' (4#1) [/opt/Xilinx/Projects/zybo_petalinux_video_hls/zybo_petalinux_video_hls.srcs/sources_1/bd/block_design_0/ipshared/xilinx.com/proc_sys_reset_v5_0/hdl/src/vhdl/upcnt_n.vhd:125]
INFO: [Synth 8-256] done synthesizing module 'sequence_psr' (5#1) [/opt/Xilinx/Projects/zybo_petalinux_video_hls/zybo_petalinux_video_hls.srcs/sources_1/bd/block_design_0/ipshared/xilinx.com/proc_sys_reset_v5_0/hdl/src/vhdl/sequence_psr.vhd:146]
INFO: [Synth 8-256] done synthesizing module 'proc_sys_reset' (6#1) [/opt/Xilinx/Projects/zybo_petalinux_video_hls/zybo_petalinux_video_hls.srcs/sources_1/bd/block_design_0/ipshared/xilinx.com/proc_sys_reset_v5_0/hdl/src/vhdl/proc_sys_reset.vhd:199]
INFO: [Synth 8-256] done synthesizing module 'block_design_0_proc_sys_reset_3_0' (7#1) [/opt/Xilinx/Projects/zybo_petalinux_video_hls/zybo_petalinux_video_hls.srcs/sources_1/bd/block_design_0/ip/block_design_0_proc_sys_reset_3_0/synth/block_design_0_proc_sys_reset_3_0.vhd:71]
WARNING: [Synth 8-3331] design cdc_sync has unconnected port prmry_aclk
WARNING: [Synth 8-3331] design cdc_sync has unconnected port prmry_resetn
WARNING: [Synth 8-3331] design cdc_sync has unconnected port prmry_vect_in[1]
WARNING: [Synth 8-3331] design cdc_sync has unconnected port prmry_vect_in[0]
WARNING: [Synth 8-3331] design cdc_sync has unconnected port scndry_resetn
---------------------------------------------------------------------------------
Finished RTL Elaboration : Time (s): cpu = 00:00:09 ; elapsed = 00:00:09 . Memory (MB): peak = 1090.559 ; gain = 198.574 ; free physical = 3895 ; free virtual = 30806
---------------------------------------------------------------------------------

Report Check Netlist: 
+------+------------------+-------+---------+-------+------------------+
|      |Item              |Errors |Warnings |Status |Description       |
+------+------------------+-------+---------+-------+------------------+
|1     |multi_driven_nets |      0|        0|Passed |Multi driven nets |
+------+------------------+-------+---------+-------+------------------+
---------------------------------------------------------------------------------
Finished RTL Optimization Phase 1 : Time (s): cpu = 00:00:09 ; elapsed = 00:00:09 . Memory (MB): peak = 1090.559 ; gain = 198.574 ; free physical = 3895 ; free virtual = 30806
---------------------------------------------------------------------------------
INFO: [Netlist 29-17] Analyzing 13 Unisim elements for replacement
INFO: [Netlist 29-28] Unisim Transformation completed in 0 CPU seconds
INFO: [Device 21-403] Loading part xc7z010clg400-1
INFO: [Project 1-570] Preparing netlist for logic optimization

Processing XDC Constraints
Initializing timing engine
Parsing XDC File [/opt/Xilinx/Projects/zybo_petalinux_video_hls/zybo_petalinux_video_hls.srcs/sources_1/bd/block_design_0/ip/block_design_0_proc_sys_reset_3_0/block_design_0_proc_sys_reset_3_0_ooc.xdc] for cell 'U0'
Finished Parsing XDC File [/opt/Xilinx/Projects/zybo_petalinux_video_hls/zybo_petalinux_video_hls.srcs/sources_1/bd/block_design_0/ip/block_design_0_proc_sys_reset_3_0/block_design_0_proc_sys_reset_3_0_ooc.xdc] for cell 'U0'
Parsing XDC File [/opt/Xilinx/Projects/zybo_petalinux_video_hls/zybo_petalinux_video_hls.srcs/sources_1/bd/block_design_0/ip/block_design_0_proc_sys_reset_3_0/block_design_0_proc_sys_reset_3_0_board.xdc] for cell 'U0'
Finished Parsing XDC File [/opt/Xilinx/Projects/zybo_petalinux_video_hls/zybo_petalinux_video_hls.srcs/sources_1/bd/block_design_0/ip/block_design_0_proc_sys_reset_3_0/block_design_0_proc_sys_reset_3_0_board.xdc] for cell 'U0'
Parsing XDC File [/opt/Xilinx/Projects/zybo_petalinux_video_hls/zybo_petalinux_video_hls.srcs/sources_1/bd/block_design_0/ip/block_design_0_proc_sys_reset_3_0/block_design_0_proc_sys_reset_3_0.xdc] for cell 'U0'
Finished Parsing XDC File [/opt/Xilinx/Projects/zybo_petalinux_video_hls/zybo_petalinux_video_hls.srcs/sources_1/bd/block_design_0/ip/block_design_0_proc_sys_reset_3_0/block_design_0_proc_sys_reset_3_0.xdc] for cell 'U0'
Parsing XDC File [/opt/Xilinx/Projects/zybo_petalinux_video_hls/zybo_petalinux_video_hls.runs/block_design_0_proc_sys_reset_3_0_synth_1/dont_touch.xdc]
Finished Parsing XDC File [/opt/Xilinx/Projects/zybo_petalinux_video_hls/zybo_petalinux_video_hls.runs/block_design_0_proc_sys_reset_3_0_synth_1/dont_touch.xdc]
Completed Processing XDC Constraints

INFO: [Project 1-111] Unisim Transformation Summary:
  A total of 13 instances were transformed.
  FDR => FDRE: 12 instances
  SRL16 => SRL16E: 1 instances

Constraint Validation Runtime : Time (s): cpu = 00:00:00.01 ; elapsed = 00:00:00.01 . Memory (MB): peak = 1412.910 ; gain = 0.000 ; free physical = 3319 ; free virtual = 30232
---------------------------------------------------------------------------------
Finished Constraint Validation : Time (s): cpu = 00:00:19 ; elapsed = 00:00:20 . Memory (MB): peak = 1412.910 ; gain = 520.926 ; free physical = 3145 ; free virtual = 30058
---------------------------------------------------------------------------------
---------------------------------------------------------------------------------
Start Loading Part and Timing Information
---------------------------------------------------------------------------------
Loading part: xc7z010clg400-1
---------------------------------------------------------------------------------
Finished Loading Part and Timing Information : Time (s): cpu = 00:00:19 ; elapsed = 00:00:20 . Memory (MB): peak = 1412.910 ; gain = 520.926 ; free physical = 3145 ; free virtual = 30058
---------------------------------------------------------------------------------
---------------------------------------------------------------------------------
Start Applying 'set_property' XDC Constraints
---------------------------------------------------------------------------------
Applied set_property DONT_TOUCH = true for U0. (constraint file  auto generated constraint, line ).
---------------------------------------------------------------------------------
Finished applying 'set_property' XDC Constraints : Time (s): cpu = 00:00:19 ; elapsed = 00:00:20 . Memory (MB): peak = 1412.910 ; gain = 520.926 ; free physical = 3144 ; free virtual = 30056
---------------------------------------------------------------------------------
INFO: [Synth 8-4471] merging register 'seq_cnt_en_reg' into 'from_sys_reg' [/opt/Xilinx/Projects/zybo_petalinux_video_hls/zybo_petalinux_video_hls.srcs/sources_1/bd/block_design_0/ipshared/xilinx.com/proc_sys_reset_v5_0/hdl/src/vhdl/sequence_psr.vhd:222]
---------------------------------------------------------------------------------
Finished RTL Optimization Phase 2 : Time (s): cpu = 00:00:20 ; elapsed = 00:00:20 . Memory (MB): peak = 1412.910 ; gain = 520.926 ; free physical = 3133 ; free virtual = 30046
---------------------------------------------------------------------------------

Report RTL Partitions: 
+-+--------------+------------+----------+
| |RTL Partition |Replication |Instances |
+-+--------------+------------+----------+
+-+--------------+------------+----------+
---------------------------------------------------------------------------------
Start RTL Component Statistics 
---------------------------------------------------------------------------------
Detailed RTL Component Info : 
+---Adders : 
	   2 Input      6 Bit       Adders := 1     
+---Registers : 
	                6 Bit    Registers := 1     
	                3 Bit    Registers := 3     
	                1 Bit    Registers := 13    
+---Muxes : 
	   2 Input      6 Bit        Muxes := 1     
	   2 Input      1 Bit        Muxes := 1     
---------------------------------------------------------------------------------
Finished RTL Component Statistics 
---------------------------------------------------------------------------------
---------------------------------------------------------------------------------
Start RTL Hierarchical Component Statistics 
---------------------------------------------------------------------------------
Hierarchical RTL Component report 
Module lpf 
Detailed RTL Component Info : 
+---Registers : 
	                1 Bit    Registers := 3     
Module upcnt_n 
Detailed RTL Component Info : 
+---Adders : 
	   2 Input      6 Bit       Adders := 1     
+---Registers : 
	                6 Bit    Registers := 1     
+---Muxes : 
	   2 Input      6 Bit        Muxes := 1     
	   2 Input      1 Bit        Muxes := 1     
Module sequence_psr 
Detailed RTL Component Info : 
+---Registers : 
	                3 Bit    Registers := 3     
	                1 Bit    Registers := 5     
Module proc_sys_reset 
Detailed RTL Component Info : 
+---Registers : 
	                1 Bit    Registers := 5     
---------------------------------------------------------------------------------
Finished RTL Hierarchical Component Statistics
---------------------------------------------------------------------------------
---------------------------------------------------------------------------------
Start Part Resource Summary
---------------------------------------------------------------------------------
Part Resources:
DSPs: 80 (col length:40)
BRAMs: 120 (col length: RAMB18 40 RAMB36 20)
---------------------------------------------------------------------------------
Finished Part Resource Summary
---------------------------------------------------------------------------------
Start Parallel Synthesis Optimization  : Time (s): cpu = 00:00:20 ; elapsed = 00:00:20 . Memory (MB): peak = 1412.910 ; gain = 520.926 ; free physical = 3098 ; free virtual = 30011
---------------------------------------------------------------------------------
Start Cross Boundary Optimization
---------------------------------------------------------------------------------
---------------------------------------------------------------------------------
Finished Cross Boundary Optimization : Time (s): cpu = 00:00:20 ; elapsed = 00:00:20 . Memory (MB): peak = 1412.910 ; gain = 520.926 ; free physical = 3098 ; free virtual = 30010
---------------------------------------------------------------------------------
Finished Parallel Reinference  : Time (s): cpu = 00:00:20 ; elapsed = 00:00:20 . Memory (MB): peak = 1412.910 ; gain = 520.926 ; free physical = 3098 ; free virtual = 30010

Report RTL Partitions: 
+-+--------------+------------+----------+
| |RTL Partition |Replication |Instances |
+-+--------------+------------+----------+
+-+--------------+------------+----------+
---------------------------------------------------------------------------------
Start Area Optimization
---------------------------------------------------------------------------------
INFO: [Synth 8-3886] merging instance 'U0/SEQ/pr_dec_reg[1]' (FD) to 'U0/SEQ/bsr_dec_reg[1]'
INFO: [Synth 8-3886] merging instance 'U0/SEQ/bsr_dec_reg[1]' (FD) to 'U0/SEQ/core_dec_reg[1]'
WARNING: [Synth 8-3332] Sequential element (EXT_LPF/ACTIVE_LOW_EXT.ACT_LO_EXT/GENERATE_LEVEL_P_S_CDC.SINGLE_BIT.CROSS_PLEVEL_IN2SCNDRY_s_level_out_d5) is unused and will be removed from module proc_sys_reset.
WARNING: [Synth 8-3332] Sequential element (EXT_LPF/ACTIVE_LOW_EXT.ACT_LO_EXT/GENERATE_LEVEL_P_S_CDC.SINGLE_BIT.CROSS_PLEVEL_IN2SCNDRY_s_level_out_d6) is unused and will be removed from module proc_sys_reset.
WARNING: [Synth 8-3332] Sequential element (EXT_LPF/ACTIVE_LOW_AUX.ACT_LO_AUX/GENERATE_LEVEL_P_S_CDC.SINGLE_BIT.CROSS_PLEVEL_IN2SCNDRY_s_level_out_d5) is unused and will be removed from module proc_sys_reset.
WARNING: [Synth 8-3332] Sequential element (EXT_LPF/ACTIVE_LOW_AUX.ACT_LO_AUX/GENERATE_LEVEL_P_S_CDC.SINGLE_BIT.CROSS_PLEVEL_IN2SCNDRY_s_level_out_d6) is unused and will be removed from module proc_sys_reset.
WARNING: [Synth 8-3332] Sequential element (SEQ/bsr_dec_reg[1]) is unused and will be removed from module proc_sys_reset.
WARNING: [Synth 8-3332] Sequential element (SEQ/pr_dec_reg[1]) is unused and will be removed from module proc_sys_reset.
---------------------------------------------------------------------------------
Finished Area Optimization : Time (s): cpu = 00:00:20 ; elapsed = 00:00:20 . Memory (MB): peak = 1412.910 ; gain = 520.926 ; free physical = 3095 ; free virtual = 30008
---------------------------------------------------------------------------------
Finished Parallel Area Optimization  : Time (s): cpu = 00:00:20 ; elapsed = 00:00:20 . Memory (MB): peak = 1412.910 ; gain = 520.926 ; free physical = 3095 ; free virtual = 30008

Report RTL Partitions: 
+-+--------------+------------+----------+
| |RTL Partition |Replication |Instances |
+-+--------------+------------+----------+
+-+--------------+------------+----------+
---------------------------------------------------------------------------------
Start Timing Optimization
---------------------------------------------------------------------------------
---------------------------------------------------------------------------------
Start Applying XDC Timing Constraints
---------------------------------------------------------------------------------
---------------------------------------------------------------------------------
Finished Applying XDC Timing Constraints : Time (s): cpu = 00:00:30 ; elapsed = 00:00:31 . Memory (MB): peak = 1412.910 ; gain = 520.926 ; free physical = 3047 ; free virtual = 29960
---------------------------------------------------------------------------------
---------------------------------------------------------------------------------
Finished Timing Optimization : Time (s): cpu = 00:00:30 ; elapsed = 00:00:31 . Memory (MB): peak = 1412.910 ; gain = 520.926 ; free physical = 3047 ; free virtual = 29960
---------------------------------------------------------------------------------

Report RTL Partitions: 
+-+--------------+------------+----------+
| |RTL Partition |Replication |Instances |
+-+--------------+------------+----------+
+-+--------------+------------+----------+
---------------------------------------------------------------------------------
Start Technology Mapping
---------------------------------------------------------------------------------
---------------------------------------------------------------------------------
Finished Technology Mapping : Time (s): cpu = 00:00:30 ; elapsed = 00:00:31 . Memory (MB): peak = 1412.910 ; gain = 520.926 ; free physical = 3047 ; free virtual = 29960
---------------------------------------------------------------------------------
Finished Parallel Technology Mapping Optimization  : Time (s): cpu = 00:00:30 ; elapsed = 00:00:31 . Memory (MB): peak = 1412.910 ; gain = 520.926 ; free physical = 3047 ; free virtual = 29960

Report RTL Partitions: 
+-+--------------+------------+----------+
| |RTL Partition |Replication |Instances |
+-+--------------+------------+----------+
+-+--------------+------------+----------+
Finished Parallel Synthesis Optimization  : Time (s): cpu = 00:00:30 ; elapsed = 00:00:31 . Memory (MB): peak = 1412.910 ; gain = 520.926 ; free physical = 3047 ; free virtual = 29960
---------------------------------------------------------------------------------
Start IO Insertion
---------------------------------------------------------------------------------
---------------------------------------------------------------------------------
Start Flattening Before IO Insertion
---------------------------------------------------------------------------------
---------------------------------------------------------------------------------
Finished Flattening Before IO Insertion
---------------------------------------------------------------------------------
---------------------------------------------------------------------------------
Start Final Netlist Cleanup
---------------------------------------------------------------------------------
---------------------------------------------------------------------------------
Finished Final Netlist Cleanup
---------------------------------------------------------------------------------
---------------------------------------------------------------------------------
Finished IO Insertion : Time (s): cpu = 00:00:31 ; elapsed = 00:00:31 . Memory (MB): peak = 1412.910 ; gain = 520.926 ; free physical = 3046 ; free virtual = 29959
---------------------------------------------------------------------------------

Report Check Netlist: 
+------+------------------+-------+---------+-------+------------------+
|      |Item              |Errors |Warnings |Status |Description       |
+------+------------------+-------+---------+-------+------------------+
|1     |multi_driven_nets |      0|        0|Passed |Multi driven nets |
+------+------------------+-------+---------+-------+------------------+
---------------------------------------------------------------------------------
Start Renaming Generated Instances
---------------------------------------------------------------------------------
---------------------------------------------------------------------------------
Finished Renaming Generated Instances : Time (s): cpu = 00:00:31 ; elapsed = 00:00:31 . Memory (MB): peak = 1412.910 ; gain = 520.926 ; free physical = 3046 ; free virtual = 29959
---------------------------------------------------------------------------------

Report RTL Partitions: 
+-+--------------+------------+----------+
| |RTL Partition |Replication |Instances |
+-+--------------+------------+----------+
+-+--------------+------------+----------+
---------------------------------------------------------------------------------
Start Rebuilding User Hierarchy
---------------------------------------------------------------------------------
---------------------------------------------------------------------------------
Finished Rebuilding User Hierarchy : Time (s): cpu = 00:00:31 ; elapsed = 00:00:32 . Memory (MB): peak = 1412.910 ; gain = 520.926 ; free physical = 3046 ; free virtual = 29959
---------------------------------------------------------------------------------
---------------------------------------------------------------------------------
Start Renaming Generated Ports
---------------------------------------------------------------------------------
---------------------------------------------------------------------------------
Finished Renaming Generated Ports : Time (s): cpu = 00:00:31 ; elapsed = 00:00:32 . Memory (MB): peak = 1412.910 ; gain = 520.926 ; free physical = 3046 ; free virtual = 29959
---------------------------------------------------------------------------------
---------------------------------------------------------------------------------
Start Handling Custom Attributes
---------------------------------------------------------------------------------
---------------------------------------------------------------------------------
Finished Handling Custom Attributes : Time (s): cpu = 00:00:31 ; elapsed = 00:00:32 . Memory (MB): peak = 1412.910 ; gain = 520.926 ; free physical = 3045 ; free virtual = 29958
---------------------------------------------------------------------------------
---------------------------------------------------------------------------------
Start Renaming Generated Nets
---------------------------------------------------------------------------------
---------------------------------------------------------------------------------
Finished Renaming Generated Nets : Time (s): cpu = 00:00:31 ; elapsed = 00:00:32 . Memory (MB): peak = 1412.910 ; gain = 520.926 ; free physical = 3045 ; free virtual = 29958
---------------------------------------------------------------------------------
---------------------------------------------------------------------------------
Start Writing Synthesis Report
---------------------------------------------------------------------------------

Report BlackBoxes: 
+-+--------------+----------+
| |BlackBox name |Instances |
+-+--------------+----------+
+-+--------------+----------+

Report Cell Usage: 
+------+------+------+
|      |Cell  |Count |
+------+------+------+
|1     |LUT1  |     5|
|2     |LUT2  |     9|
|3     |LUT3  |     1|
|4     |LUT4  |     6|
|5     |LUT5  |     3|
|6     |LUT6  |     1|
|7     |SRL16 |     1|
|8     |FDR   |     8|
|9     |FDRE  |    28|
|10    |FDSE  |     4|
+------+------+------+

Report Instance Areas: 
+------+----------------------------------+---------------+------+
|      |Instance                          |Module         |Cells |
+------+----------------------------------+---------------+------+
|1     |top                               |               |    66|
|2     |  U0                              |proc_sys_reset |    66|
|3     |    EXT_LPF                       |lpf            |    23|
|4     |      \ACTIVE_LOW_AUX.ACT_LO_AUX  |cdc_sync       |     6|
|5     |      \ACTIVE_LOW_EXT.ACT_LO_EXT  |cdc_sync_0     |     6|
|6     |    SEQ                           |sequence_psr   |    38|
|7     |      SEQ_COUNTER                 |upcnt_n        |    13|
+------+----------------------------------+---------------+------+
---------------------------------------------------------------------------------
Finished Writing Synthesis Report : Time (s): cpu = 00:00:31 ; elapsed = 00:00:32 . Memory (MB): peak = 1412.910 ; gain = 520.926 ; free physical = 3046 ; free virtual = 29959
---------------------------------------------------------------------------------
Synthesis finished with 0 errors, 0 critical warnings and 6 warnings.
Synthesis Optimization Runtime : Time (s): cpu = 00:00:22 ; elapsed = 00:00:22 . Memory (MB): peak = 1412.910 ; gain = 109.434 ; free physical = 3054 ; free virtual = 29967
Synthesis Optimization Complete : Time (s): cpu = 00:00:31 ; elapsed = 00:00:32 . Memory (MB): peak = 1412.910 ; gain = 520.926 ; free physical = 3054 ; free virtual = 29967
INFO: [Project 1-571] Translating synthesized netlist
INFO: [Netlist 29-17] Analyzing 9 Unisim elements for replacement
INFO: [Netlist 29-28] Unisim Transformation completed in 0 CPU seconds
INFO: [Project 1-570] Preparing netlist for logic optimization
Parsing XDC File [/opt/Xilinx/Projects/zybo_petalinux_video_hls/zybo_petalinux_video_hls.srcs/sources_1/bd/block_design_0/ip/block_design_0_proc_sys_reset_3_0/block_design_0_proc_sys_reset_3_0_ooc.xdc] for cell 'U0'
Finished Parsing XDC File [/opt/Xilinx/Projects/zybo_petalinux_video_hls/zybo_petalinux_video_hls.srcs/sources_1/bd/block_design_0/ip/block_design_0_proc_sys_reset_3_0/block_design_0_proc_sys_reset_3_0_ooc.xdc] for cell 'U0'
Parsing XDC File [/opt/Xilinx/Projects/zybo_petalinux_video_hls/zybo_petalinux_video_hls.srcs/sources_1/bd/block_design_0/ip/block_design_0_proc_sys_reset_3_0/block_design_0_proc_sys_reset_3_0_board.xdc] for cell 'U0'
Finished Parsing XDC File [/opt/Xilinx/Projects/zybo_petalinux_video_hls/zybo_petalinux_video_hls.srcs/sources_1/bd/block_design_0/ip/block_design_0_proc_sys_reset_3_0/block_design_0_proc_sys_reset_3_0_board.xdc] for cell 'U0'
Parsing XDC File [/opt/Xilinx/Projects/zybo_petalinux_video_hls/zybo_petalinux_video_hls.srcs/sources_1/bd/block_design_0/ip/block_design_0_proc_sys_reset_3_0/block_design_0_proc_sys_reset_3_0.xdc] for cell 'U0'
Finished Parsing XDC File [/opt/Xilinx/Projects/zybo_petalinux_video_hls/zybo_petalinux_video_hls.srcs/sources_1/bd/block_design_0/ip/block_design_0_proc_sys_reset_3_0/block_design_0_proc_sys_reset_3_0.xdc] for cell 'U0'
INFO: [Opt 31-138] Pushed 0 inverter(s) to 0 load pin(s).
INFO: [Project 1-111] Unisim Transformation Summary:
  A total of 9 instances were transformed.
  FDR => FDRE: 8 instances
  SRL16 => SRL16E: 1 instances

INFO: [Common 17-83] Releasing license: Synthesis
38 Infos, 11 Warnings, 0 Critical Warnings and 0 Errors encountered.
synth_design completed successfully
synth_design: Time (s): cpu = 00:00:30 ; elapsed = 00:00:30 . Memory (MB): peak = 1412.910 ; gain = 444.371 ; free physical = 2861 ; free virtual = 29774
INFO: [Coretcl 2-1174] Renamed 6 cell refs.
report_utilization: Time (s): cpu = 00:00:00.06 ; elapsed = 00:00:00.07 . Memory (MB): peak = 1444.926 ; gain = 0.000 ; free physical = 2859 ; free virtual = 29772
INFO: [Common 17-206] Exiting Vivado at Fri Aug 26 00:27:29 2016...
