13:30:58 INFO  : Launching XSDB server: xsdb -n -interactive /opt/Xilinx/Projects/zybo_petalinux_video_hls/zybo_petalinux_video_hls.sdk/temp_xsdb_launch_script.tcl
13:31:03 INFO  : XSDB server has started successfully.
13:31:03 INFO  : Processing command line option -hwspec /opt/Xilinx/Projects/zybo_petalinux_video_hls/zybo_petalinux_video_hls.sdk/block_design_0_wrapper.hdf.
14:25:05 INFO  : Launching XSDB server: xsdb -n -interactive /opt/Xilinx/Projects/zybo_petalinux_video_hls/zybo_petalinux_video_hls.sdk/temp_xsdb_launch_script.tcl
14:25:06 INFO  : XSDB server has started successfully.
14:25:11 INFO  : Processing command line option -hwspec /opt/Xilinx/Projects/zybo_petalinux_video_hls/zybo_petalinux_video_hls.sdk/block_design_0_wrapper.hdf.
14:25:12 INFO  : Checking for hwspec changes in the project block_design_0_wrapper_hw_platform_0.
14:28:46 INFO  : Launching XSDB server: xsdb -n -interactive /opt/Xilinx/Projects/zybo_petalinux_video_hls/zybo_petalinux_video_hls.sdk/temp_xsdb_launch_script.tcl
14:28:47 INFO  : XSDB server has started successfully.
12:37:50 INFO  : Launching XSDB server: xsdb -n -interactive /opt/Xilinx/Projects/zybo_petalinux_video_hls/zybo_petalinux_video_hls.sdk/temp_xsdb_launch_script.tcl
12:37:51 INFO  : XSDB server has started successfully.
12:37:52 INFO  : Processing command line option -hwspec /opt/Xilinx/Projects/zybo_petalinux_video_hls/zybo_petalinux_video_hls.sdk/block_design_0_wrapper.hdf.
12:37:52 INFO  : Checking for hwspec changes in the project block_design_0_wrapper_hw_platform_0.
13:31:08 INFO  : Launching XSDB server: xsdb -n -interactive /opt/Xilinx/Projects/zybo_petalinux_video_hls/zybo_petalinux_video_hls.sdk/temp_xsdb_launch_script.tcl
13:31:09 INFO  : XSDB server has started successfully.
13:31:10 INFO  : Processing command line option -hwspec /opt/Xilinx/Projects/zybo_petalinux_video_hls/zybo_petalinux_video_hls.sdk/block_design_0_wrapper.hdf.
13:31:10 INFO  : Checking for hwspec changes in the project block_design_0_wrapper_hw_platform_0.
13:31:13 INFO  : SDK has detected change in the last modified timestamps for source hardware specification file Source:1471714233000,  Project:1471627780000
13:31:13 INFO  : The hardware specification for project 'block_design_0_wrapper_hw_platform_0' is different from /opt/Xilinx/Projects/zybo_petalinux_video_hls/zybo_petalinux_video_hls.sdk/block_design_0_wrapper.hdf.
13:31:13 INFO  : Copied contents of /opt/Xilinx/Projects/zybo_petalinux_video_hls/zybo_petalinux_video_hls.sdk/block_design_0_wrapper.hdf into /block_design_0_wrapper_hw_platform_0/system.hdf.
13:31:21 INFO  : Synchronizing projects in the workspace with the hardware platform specification changes.
13:31:22 ERROR : (XSDB Server)ERROR: [Hsi 55-1433] Error boost::filesystem::directory_iterator::construct: Permission denied: "/tmp/systemd-private-220a91915b064202bea0e25f1ecdb460-colord.service-zJQPJj"
ERROR: [Hsi 55-1433] Error boost::filesystem::directory_iterator::construct: Permission denied: "/tmp/systemd-private-220a91915b064202bea0e25f1ecdb460-rtkit-daemon.service-z1YQle"

13:31:22 ERROR : (XSDB Server)ERROR: [Hsi 55-1433] Error boost::filesystem::directory_iterator::construct: Permission denied: "/tmp/systemd-private-220a91915b064202bea0e25f1ecdb460-systemd-timesyncd.service-Fw1ccz"

13:31:22 ERROR : Failed to call sync_sw_with_hw_change
Reason: ERROR: [Common 17-39] 'hsi::open_sw_design' failed due to earlier errors.

13:31:22 ERROR : Error updating BSP project MSS files.
13:31:22 INFO  : Clearing existing target manager status.
13:31:24 INFO  : Workspace synchronized with the new hardware specification file. Cleaning dependent projects...
13:31:24 WARN  : Linker script will not be updated automatically. Users need to update it manually.
14:02:51 ERROR : Unexpected error while parsing XMD response ￿: com.google.gson.JsonSyntaxException: com.google.gson.stream.MalformedJsonException: invalid number or unquoted string near 
14:05:17 INFO  : Launching XSDB server: xsdb -n -interactive /opt/Xilinx/Projects/zybo_petalinux_video_hls/zybo_petalinux_video_hls.sdk/temp_xsdb_launch_script.tcl
14:05:18 INFO  : XSDB server has started successfully.
14:05:18 INFO  : Processing command line option -hwspec /opt/Xilinx/Projects/zybo_petalinux_video_hls/zybo_petalinux_video_hls.sdk/block_design_0_wrapper.hdf.
14:05:19 INFO  : Checking for hwspec changes in the project block_design_0_wrapper_hw_platform_0.
15:52:39 INFO  : SDK has detected change in the last modified timestamps for source hardware specification file Source:1471722576000,  Project:1471714233000
15:52:39 INFO  : Project block_design_0_wrapper_hw_platform_0's source hardware specification located at /opt/Xilinx/Projects/zybo_petalinux_video_hls/zybo_petalinux_video_hls.sdk/block_design_0_wrapper.hdf is now different from the local copy.
		 The local copy will be replaced with the source specification and your workspace will be updated.
15:52:42 INFO  : Copied contents of /opt/Xilinx/Projects/zybo_petalinux_video_hls/zybo_petalinux_video_hls.sdk/block_design_0_wrapper.hdf into /block_design_0_wrapper_hw_platform_0/system.hdf.
15:52:49 INFO  : Synchronizing projects in the workspace with the hardware platform specification changes.
15:52:50 ERROR : (XSDB Server)ERROR: [Hsi 55-1433] Error boost::filesystem::directory_iterator::construct: Permission denied: "/tmp/systemd-private-220a91915b064202bea0e25f1ecdb460-colord.service-zJQPJj"

15:52:50 ERROR : (XSDB Server)ERROR: [Hsi 55-1433] Error boost::filesystem::directory_iterator::construct: Permission denied: "/tmp/systemd-private-220a91915b064202bea0e25f1ecdb460-rtkit-daemon.service-z1YQle"
ERROR: [Hsi 55-1433] Error boost::filesystem::directory_iterator::construct: Permission denied: "/tmp/systemd-private-220a91915b064202bea0e25f1ecdb460-systemd-timesyncd.service-Fw1ccz"

15:52:50 ERROR : Failed to call sync_sw_with_hw_change
Reason: ERROR: [Common 17-39] 'hsi::open_sw_design' failed due to earlier errors.

15:52:50 ERROR : Error updating BSP project MSS files.
15:52:50 INFO  : Clearing existing target manager status.
15:52:52 INFO  : Workspace synchronized with the new hardware specification file. Cleaning dependent projects...
15:52:52 WARN  : Linker script will not be updated automatically. Users need to update it manually.
15:54:45 ERROR : (XSDB Server)ERROR: [Hsi 55-1558] Software Design system system is not found

15:54:45 ERROR :  [Common 17-39] 'hsi::current_sw_design' failed due to earlier errors.
15:54:45 ERROR : (XSDB Server)ERROR: [Hsi 55-1558] Software Design system system is not found

15:54:45 INFO  : Unable to read in MSS file /opt/Xilinx/Projects/zybo_petalinux_video_hls/zybo_petalinux_video_hls.sdk/standalone_bsp_0/system.mss : null
15:54:45 ERROR : (XSDB Server)ERROR: [Hsi 55-1558] Software Design system system is not found

15:54:45 ERROR : (XSDB Server)ERROR: [Hsi 55-1558] Software Design system system is not found

15:54:45 ERROR :  [Common 17-39] 'hsi::current_sw_design' failed due to earlier errors.
15:54:45 ERROR : (XSDB Server)ERROR: [Hsi 55-1558] Software Design system system is not found

15:54:45 INFO  : Unable to read in MSS file /opt/Xilinx/Projects/zybo_petalinux_video_hls/zybo_petalinux_video_hls.sdk/standalone_bsp_0/system.mss : null
15:54:45 ERROR : (XSDB Server)ERROR: [Hsi 55-1558] Software Design system system is not found

15:56:09 INFO  : Connected to target on host '127.0.0.1' and port '3121'.
15:56:09 INFO  : Jtag cable 'Digilent Zybo 210279759071A' is selected.
15:56:09 INFO  : 'jtag frequency' command is executed.
15:56:09 INFO  : Sourcing of '/opt/Xilinx/Projects/zybo_petalinux_video_hls/zybo_petalinux_video_hls.sdk/block_design_0_wrapper_hw_platform_0/ps7_init.tcl' is done.
15:56:09 INFO  : 'targets -set -filter {name =~"APU" && jtag_cable_name =~ "Digilent Zybo 210279759071A"} -index 0' command is executed.
15:56:09 INFO  : System reset is completed.
15:56:12 INFO  : 'after 3000' command is executed.
15:56:12 INFO  : 'targets -set -filter {jtag_cable_name =~ "Digilent Zybo 210279759071A" && level==0} -index 1' command is executed.
15:56:14 INFO  : FPGA configured successfully with bitstream "/opt/Xilinx/Projects/zybo_petalinux_video_hls/zybo_petalinux_video_hls.sdk/block_design_0_wrapper_hw_platform_0/block_design_0_wrapper.bit"
15:56:14 INFO  : 'targets -set -filter {name =~"APU" && jtag_cable_name =~ "Digilent Zybo 210279759071A"} -index 0' command is executed.
15:56:14 INFO  : Hardware design information is loaded from '/opt/Xilinx/Projects/zybo_petalinux_video_hls/zybo_petalinux_video_hls.sdk/block_design_0_wrapper_hw_platform_0/system.hdf'.
15:56:14 INFO  : 'targets -set -filter {name =~"APU" && jtag_cable_name =~ "Digilent Zybo 210279759071A"} -index 0' command is executed.
15:56:14 INFO  : 'ps7_init' command is executed.
15:56:14 INFO  : 'ps7_post_config' command is executed.
15:56:14 INFO  : Context for processor 'ps7_cortexa9_0' is selected.
15:56:14 INFO  : The application '/opt/Xilinx/Projects/zybo_petalinux_video_hls/zybo_petalinux_video_hls.sdk/digilent_vga_example_0/Debug/digilent_vga_example_0.elf' is downloaded to processor 'ps7_cortexa9_0'.
15:56:14 INFO  : ----------------XSDB Script----------------
connect -url tcp:127.0.0.1:3121
source /opt/Xilinx/Projects/zybo_petalinux_video_hls/zybo_petalinux_video_hls.sdk/block_design_0_wrapper_hw_platform_0/ps7_init.tcl
targets -set -filter {name =~"APU" && jtag_cable_name =~ "Digilent Zybo 210279759071A"} -index 0
rst -system
after 3000
targets -set -filter {jtag_cable_name =~ "Digilent Zybo 210279759071A" && level==0} -index 1
fpga -file /opt/Xilinx/Projects/zybo_petalinux_video_hls/zybo_petalinux_video_hls.sdk/block_design_0_wrapper_hw_platform_0/block_design_0_wrapper.bit
targets -set -filter {name =~"APU" && jtag_cable_name =~ "Digilent Zybo 210279759071A"} -index 0
loadhw /opt/Xilinx/Projects/zybo_petalinux_video_hls/zybo_petalinux_video_hls.sdk/block_design_0_wrapper_hw_platform_0/system.hdf
targets -set -filter {name =~"APU" && jtag_cable_name =~ "Digilent Zybo 210279759071A"} -index 0
ps7_init
ps7_post_config
targets -set -nocase -filter {name =~ "ARM*#0" && jtag_cable_name =~ "Digilent Zybo 210279759071A"} -index 0
dow /opt/Xilinx/Projects/zybo_petalinux_video_hls/zybo_petalinux_video_hls.sdk/digilent_vga_example_0/Debug/digilent_vga_example_0.elf
----------------End of Script----------------

15:56:14 INFO  : Memory regions updated for context APU
15:56:15 INFO  : Context for processor 'ps7_cortexa9_0' is selected.
15:56:15 INFO  : 'con' command is executed.
15:56:15 INFO  : ----------------XSDB Script (After Launch)----------------
targets -set -nocase -filter {name =~ "ARM*#0" && jtag_cable_name =~ "Digilent Zybo 210279759071A"} -index 0
con
----------------End of Script----------------

15:56:15 INFO  : Launch script is exported to file '/opt/Xilinx/Projects/zybo_petalinux_video_hls/zybo_petalinux_video_hls.sdk/.sdk/launch_scripts/xilinx_c-c++_application_(system_debugger)/digilent_vga_example_0_debug.tcl'
15:56:50 INFO  : Disconnected from the channel tcfchan#1.
16:23:11 INFO  : Connected to target on host '127.0.0.1' and port '3121'.
16:23:11 INFO  : Jtag cable 'Digilent Zybo 210279759071A' is selected.
16:23:11 INFO  : 'jtag frequency' command is executed.
16:23:11 INFO  : Sourcing of '/opt/Xilinx/Projects/zybo_petalinux_video_hls/zybo_petalinux_video_hls.sdk/block_design_0_wrapper_hw_platform_0/ps7_init.tcl' is done.
16:23:11 INFO  : 'targets -set -filter {name =~"APU" && jtag_cable_name =~ "Digilent Zybo 210279759071A"} -index 0' command is executed.
16:23:12 INFO  : System reset is completed.
16:23:15 INFO  : 'after 3000' command is executed.
16:23:15 INFO  : 'targets -set -filter {jtag_cable_name =~ "Digilent Zybo 210279759071A" && level==0} -index 1' command is executed.
16:23:16 INFO  : FPGA configured successfully with bitstream "/opt/Xilinx/Projects/zybo_petalinux_video_hls/zybo_petalinux_video_hls.sdk/block_design_0_wrapper_hw_platform_0/block_design_0_wrapper.bit"
16:23:16 INFO  : 'targets -set -filter {name =~"APU" && jtag_cable_name =~ "Digilent Zybo 210279759071A"} -index 0' command is executed.
16:23:20 INFO  : Hardware design information is loaded from '/opt/Xilinx/Projects/zybo_petalinux_video_hls/zybo_petalinux_video_hls.sdk/block_design_0_wrapper_hw_platform_0/system.hdf'.
16:23:20 INFO  : 'targets -set -filter {name =~"APU" && jtag_cable_name =~ "Digilent Zybo 210279759071A"} -index 0' command is executed.
16:23:21 INFO  : 'ps7_init' command is executed.
16:23:21 INFO  : 'ps7_post_config' command is executed.
16:23:21 INFO  : Context for processor 'ps7_cortexa9_0' is selected.
16:23:21 INFO  : The application '/opt/Xilinx/Projects/zybo_petalinux_video_hls/zybo_petalinux_video_hls.sdk/digilent_vga_example_0/Debug/digilent_vga_example_0.elf' is downloaded to processor 'ps7_cortexa9_0'.
16:23:21 INFO  : ----------------XSDB Script----------------
connect -url tcp:127.0.0.1:3121
source /opt/Xilinx/Projects/zybo_petalinux_video_hls/zybo_petalinux_video_hls.sdk/block_design_0_wrapper_hw_platform_0/ps7_init.tcl
targets -set -filter {name =~"APU" && jtag_cable_name =~ "Digilent Zybo 210279759071A"} -index 0
rst -system
after 3000
targets -set -filter {jtag_cable_name =~ "Digilent Zybo 210279759071A" && level==0} -index 1
fpga -file /opt/Xilinx/Projects/zybo_petalinux_video_hls/zybo_petalinux_video_hls.sdk/block_design_0_wrapper_hw_platform_0/block_design_0_wrapper.bit
targets -set -filter {name =~"APU" && jtag_cable_name =~ "Digilent Zybo 210279759071A"} -index 0
loadhw /opt/Xilinx/Projects/zybo_petalinux_video_hls/zybo_petalinux_video_hls.sdk/block_design_0_wrapper_hw_platform_0/system.hdf
targets -set -filter {name =~"APU" && jtag_cable_name =~ "Digilent Zybo 210279759071A"} -index 0
ps7_init
ps7_post_config
targets -set -nocase -filter {name =~ "ARM*#0" && jtag_cable_name =~ "Digilent Zybo 210279759071A"} -index 0
dow /opt/Xilinx/Projects/zybo_petalinux_video_hls/zybo_petalinux_video_hls.sdk/digilent_vga_example_0/Debug/digilent_vga_example_0.elf
----------------End of Script----------------

16:23:21 INFO  : Memory regions updated for context APU
16:23:21 INFO  : Context for processor 'ps7_cortexa9_0' is selected.
16:23:21 INFO  : 'con' command is executed.
16:23:21 INFO  : ----------------XSDB Script (After Launch)----------------
targets -set -nocase -filter {name =~ "ARM*#0" && jtag_cable_name =~ "Digilent Zybo 210279759071A"} -index 0
con
----------------End of Script----------------

16:23:21 INFO  : Launch script is exported to file '/opt/Xilinx/Projects/zybo_petalinux_video_hls/zybo_petalinux_video_hls.sdk/.sdk/launch_scripts/xilinx_c-c++_application_(system_debugger)/digilent_vga_example_0_debug.tcl'
16:28:16 INFO  : Disconnected from the channel tcfchan#2.
18:33:15 ERROR : Unexpected error while parsing XMD response ￿: com.google.gson.JsonSyntaxException: com.google.gson.stream.MalformedJsonException: invalid number or unquoted string near 
20:21:06 INFO  : Launching XSDB server: xsdb -n -interactive /opt/Xilinx/Projects/zybo_petalinux_video_hls/zybo_petalinux_video_hls.sdk/temp_xsdb_launch_script.tcl
20:21:08 INFO  : XSDB server has started successfully.
20:21:09 INFO  : Processing command line option -hwspec /opt/Xilinx/Projects/zybo_petalinux_video_hls/zybo_petalinux_video_hls.sdk/block_design_0_wrapper.hdf.
20:21:09 INFO  : Checking for hwspec changes in the project block_design_0_wrapper_hw_platform_0.
22:46:56 INFO  : Example project standalone_bsp_0_xaxivdma_example_intr_1 has been created successfully.
22:47:29 INFO  : Example project standalone_bsp_0_xgpio_intr_tapp_example_1 has been created successfully.
14:44:03 INFO  : Launching XSDB server: xsdb -n -interactive /opt/Xilinx/Projects/zybo_petalinux_video_hls/zybo_petalinux_video_hls.sdk/temp_xsdb_launch_script.tcl
14:44:04 INFO  : XSDB server has started successfully.
14:44:05 INFO  : Processing command line option -hwspec /opt/Xilinx/Projects/zybo_petalinux_video_hls/zybo_petalinux_video_hls.sdk/block_design_0_wrapper.hdf.
14:44:05 INFO  : Checking for hwspec changes in the project block_design_0_wrapper_hw_platform_0.
14:44:09 INFO  : SDK has detected change in the last modified timestamps for source hardware specification file Source:1471891401000,  Project:1471722576000
14:44:09 INFO  : The hardware specification for project 'block_design_0_wrapper_hw_platform_0' is different from /opt/Xilinx/Projects/zybo_petalinux_video_hls/zybo_petalinux_video_hls.sdk/block_design_0_wrapper.hdf.
14:44:09 INFO  : Copied contents of /opt/Xilinx/Projects/zybo_petalinux_video_hls/zybo_petalinux_video_hls.sdk/block_design_0_wrapper.hdf into /block_design_0_wrapper_hw_platform_0/system.hdf.
14:44:18 INFO  : Synchronizing projects in the workspace with the hardware platform specification changes.
14:44:19 ERROR : (XSDB Server)ERROR: [Hsi 55-1433] Error boost::filesystem::directory_iterator::construct: Permission denied: "/tmp/systemd-private-e53238c9b47e4beea87eb9b16b4c2714-rtkit-daemon.service-HQWhqN"

14:44:19 ERROR : (XSDB Server)ERROR: [Hsi 55-1433] Error boost::filesystem::directory_iterator::construct: Permission denied: "/tmp/systemd-private-e53238c9b47e4beea87eb9b16b4c2714-systemd-timesyncd.service-AiaywT"
ERROR: [Hsi 55-1433] Error boost::filesystem::directory_iterator::construct: Permission denied: "/tmp/systemd-private-e53238c9b47e4beea87eb9b16b4c2714-colord.service-YDOg0L"

14:44:19 ERROR : Failed to call sync_sw_with_hw_change
Reason: ERROR: [Common 17-39] 'hsi::open_sw_design' failed due to earlier errors.

14:44:19 ERROR : Error updating BSP project MSS files.
14:44:20 INFO  : Updating hardware inferred compiler options for digilent_vga_example_0.
14:44:21 INFO  : Updating hardware inferred compiler options for standalone_bsp_0_xgpio_intr_tapp_example_1.
14:44:21 INFO  : Clearing existing target manager status.
15:45:06 ERROR : (XSDB Server)ERROR: [Hsi 55-1558] Software Design system system is not found

15:45:06 ERROR :  [Common 17-39] 'hsi::current_sw_design' failed due to earlier errors.
15:45:06 ERROR : (XSDB Server)ERROR: [Hsi 55-1558] Software Design system system is not found

15:45:06 INFO  : Unable to read in MSS file /opt/Xilinx/Projects/zybo_petalinux_video_hls/zybo_petalinux_video_hls.sdk/digilent_vga_example_0_bsp/system.mss : null
15:45:06 ERROR : (XSDB Server)ERROR: [Hsi 55-1558] Software Design system system is not found

15:45:34 ERROR : (XSDB Server)/opt/Xilinx/SDK/2016.2/bin/loader: line 164:  8375 Segmentation fault      (core dumped) "$RDI_PROG" "$@"

15:45:34 INFO  : Launching XSDB server: xsdb -n -interactive /opt/Xilinx/Projects/zybo_petalinux_video_hls/zybo_petalinux_video_hls.sdk/temp_xsdb_launch_script.tcl
15:45:35 INFO  : XSDB server has started successfully.
15:48:30 ERROR : Unexpected error while parsing XMD response ￿: com.google.gson.JsonSyntaxException: com.google.gson.stream.MalformedJsonException: invalid number or unquoted string near 
15:50:51 INFO  : Launching XSDB server: xsdb -n -interactive /opt/Xilinx/Projects/zybo_petalinux_video_hls/zybo_petalinux_video_hls.sdk/temp_xsdb_launch_script.tcl
15:50:52 INFO  : XSDB server has started successfully.
15:50:52 INFO  : Processing command line option -hwspec /opt/Xilinx/Projects/zybo_petalinux_video_hls/zybo_petalinux_video_hls.sdk/block_design_0_wrapper.hdf.
15:50:52 INFO  : Checking for hwspec changes in the project block_design_0_wrapper_hw_platform_0.
17:07:04 INFO  : Launching XSDB server: xsdb -n -interactive /opt/Xilinx/Projects/zybo_petalinux_video_hls/zybo_petalinux_video_hls.sdk/temp_xsdb_launch_script.tcl
17:07:06 INFO  : XSDB server has started successfully.
17:07:06 INFO  : Processing command line option -hwspec /opt/Xilinx/Projects/zybo_petalinux_video_hls/zybo_petalinux_video_hls.sdk/block_design_0_wrapper.hdf.
17:07:06 INFO  : Checking for hwspec changes in the project block_design_0_wrapper_hw_platform_0.
11:58:50 INFO  : Launching XSDB server: xsdb -n -interactive /opt/Xilinx/Projects/zybo_petalinux_video_hls/zybo_petalinux_video_hls.sdk/temp_xsdb_launch_script.tcl
11:58:51 INFO  : XSDB server has started successfully.
11:58:51 INFO  : Processing command line option -hwspec /opt/Xilinx/Projects/zybo_petalinux_video_hls/zybo_petalinux_video_hls.sdk/block_design_0_wrapper.hdf.
11:58:51 INFO  : Checking for hwspec changes in the project block_design_0_wrapper_hw_platform_0.
15:16:24 INFO  : Example project standalone_bsp_0_xaxivdma_example_intr_1 has been created successfully.
16:32:55 INFO  : SDK has detected change in the last modified timestamps for source hardware specification file Source:1471984339000,  Project:1471891401000
16:32:55 INFO  : Project block_design_0_wrapper_hw_platform_0's source hardware specification located at /opt/Xilinx/Projects/zybo_petalinux_video_hls/zybo_petalinux_video_hls.sdk/block_design_0_wrapper.hdf is now different from the local copy.
		 The local copy will be replaced with the source specification and your workspace will be updated.
16:32:56 INFO  : Copied contents of /opt/Xilinx/Projects/zybo_petalinux_video_hls/zybo_petalinux_video_hls.sdk/block_design_0_wrapper.hdf into /block_design_0_wrapper_hw_platform_0/system.hdf.
16:33:04 INFO  : Synchronizing projects in the workspace with the hardware platform specification changes.
16:33:04 ERROR : (XSDB Server)ERROR: [Hsi 55-1433] Error boost::filesystem::directory_iterator::construct: Permission denied: "/tmp/systemd-private-106eab38be1f4dce8e2ef0a8517e3448-rtkit-daemon.service-LmlqCW"

16:33:04 ERROR : (XSDB Server)ERROR: [Hsi 55-1433] Error boost::filesystem::directory_iterator::construct: Permission denied: "/tmp/systemd-private-106eab38be1f4dce8e2ef0a8517e3448-systemd-timesyncd.service-dBTOf9"
ERROR: [Hsi 55-1433] Error boost::filesystem::directory_iterator::construct: Permission denied: "/tmp/systemd-private-106eab38be1f4dce8e2ef0a8517e3448-colord.service-bJzQno"

16:33:04 ERROR : Failed to call sync_sw_with_hw_change
Reason: ERROR: [Common 17-39] 'hsi::open_sw_design' failed due to earlier errors.

16:33:05 ERROR : Error updating BSP project MSS files.
16:33:05 INFO  : Updating hardware inferred compiler options for digilent_vga_example_0.
16:33:06 INFO  : Updating hardware inferred compiler options for standalone_bsp_0_xaxivdma_example_intr_1.
16:33:06 INFO  : Clearing existing target manager status.
16:33:08 INFO  : Workspace synchronized with the new hardware specification file. Cleaning dependent projects...
16:33:09 WARN  : Linker script will not be updated automatically. Users need to update it manually.
16:38:36 ERROR : Unexpected error while parsing XMD response ￿: com.google.gson.JsonSyntaxException: com.google.gson.stream.MalformedJsonException: invalid number or unquoted string near 
16:38:44 INFO  : Launching XSDB server: xsdb -n -interactive /opt/Xilinx/Projects/zybo_petalinux_video_hls/zybo_petalinux_video_hls.sdk/temp_xsdb_launch_script.tcl
16:38:45 INFO  : XSDB server has started successfully.
16:38:51 INFO  : Processing command line option -hwspec /opt/Xilinx/Projects/zybo_petalinux_video_hls/zybo_petalinux_video_hls.sdk/block_design_0_wrapper.hdf.
16:38:51 INFO  : Checking for hwspec changes in the project block_design_0_wrapper_hw_platform_0.
16:40:24 ERROR : Unexpected error while launching BSP settings dialog: 
org.eclipse.core.commands.ExecutionException: Internal error.
	at com.xilinx.sdk.sw.ui.BspSettingsFlow.executeFlowInternal(BspSettingsFlow.java:118)
	at com.xilinx.sdk.sw.ui.BspSettingsFlow.executeFlow(BspSettingsFlow.java:78)
	at com.xilinx.sdk.sw.ui.internal.editors.MSSViewer$1.widgetSelected(MSSViewer.java:150)
	at org.eclipse.swt.widgets.TypedListener.handleEvent(TypedListener.java:248)
	at org.eclipse.swt.widgets.EventTable.sendEvent(EventTable.java:84)
	at org.eclipse.swt.widgets.Display.sendEvent(Display.java:4481)
	at org.eclipse.swt.widgets.Widget.sendEvent(Widget.java:1327)
	at org.eclipse.swt.widgets.Display.runDeferredEvents(Display.java:3819)
	at org.eclipse.swt.widgets.Display.readAndDispatch(Display.java:3430)
	at org.eclipse.e4.ui.internal.workbench.swt.PartRenderingEngine$4.run(PartRenderingEngine.java:1127)
	at org.eclipse.core.databinding.observable.Realm.runWithDefault(Realm.java:337)
	at org.eclipse.e4.ui.internal.workbench.swt.PartRenderingEngine.run(PartRenderingEngine.java:1018)
	at org.eclipse.e4.ui.internal.workbench.E4Workbench.createAndRunUI(E4Workbench.java:156)
	at org.eclipse.ui.internal.Workbench$5.run(Workbench.java:654)
	at org.eclipse.core.databinding.observable.Realm.runWithDefault(Realm.java:337)
	at org.eclipse.ui.internal.Workbench.createAndRunWorkbench(Workbench.java:598)
	at org.eclipse.ui.PlatformUI.createAndRunWorkbench(PlatformUI.java:150)
	at org.eclipse.ui.internal.ide.application.IDEApplication.start(IDEApplication.java:139)
	at org.eclipse.equinox.internal.app.EclipseAppHandle.run(EclipseAppHandle.java:196)
	at org.eclipse.core.runtime.internal.adaptor.EclipseAppLauncher.runApplication(EclipseAppLauncher.java:134)
	at org.eclipse.core.runtime.internal.adaptor.EclipseAppLauncher.start(EclipseAppLauncher.java:104)
	at org.eclipse.core.runtime.adaptor.EclipseStarter.run(EclipseStarter.java:380)
	at org.eclipse.core.runtime.adaptor.EclipseStarter.run(EclipseStarter.java:235)
	at sun.reflect.NativeMethodAccessorImpl.invoke0(Native Method)
	at sun.reflect.NativeMethodAccessorImpl.invoke(NativeMethodAccessorImpl.java:62)
	at sun.reflect.DelegatingMethodAccessorImpl.invoke(DelegatingMethodAccessorImpl.java:43)
	at java.lang.reflect.Method.invoke(Method.java:497)
	at org.eclipse.equinox.launcher.Main.invokeFramework(Main.java:669)
	at org.eclipse.equinox.launcher.Main.basicRun(Main.java:608)
	at org.eclipse.equinox.launcher.Main.run(Main.java:1515)
	at org.eclipse.equinox.launcher.Main.main(Main.java:1488)
Caused by: java.lang.NullPointerException
	at com.xilinx.sdk.sw.ui.internal.SwDriversPresenter.createDriverAssignment(SwDriversPresenter.java:125)
	at com.xilinx.sdk.sw.ui.internal.SwDriversPresenter.createDriversFromPlatform(SwDriversPresenter.java:89)
	at com.xilinx.sdk.sw.ui.internal.SwDriversPresenter.viewReady(SwDriversPresenter.java:55)
	at com.xilinx.sdk.sw.ui.internal.BspSettingsPresenter.viewReady(BspSettingsPresenter.java:89)
	at com.xilinx.sdk.sw.ui.internal.BspSettingsView.createDialogArea(BspSettingsView.java:124)
	at org.eclipse.jface.dialogs.TitleAreaDialog.createContents(TitleAreaDialog.java:161)
	at org.eclipse.jface.window.Window.create(Window.java:430)
	at org.eclipse.jface.dialogs.Dialog.create(Dialog.java:1096)
	at org.eclipse.jface.window.Window.open(Window.java:792)
	at com.xilinx.sdk.sw.ui.internal.BspSettingsPresenter.open(BspSettingsPresenter.java:77)
	at com.xilinx.sdk.sw.ui.BspSettingsFlow.executeFlowInternal(BspSettingsFlow.java:109)
	... 30 more
16:41:48 INFO  : Example project standalone_bsp_0_xgpiops_polled_example_1 has been created successfully.
07:57:43 INFO  : Launching XSDB server: xsdb -n -interactive /opt/Xilinx/Projects/zybo_petalinux_video_hls/zybo_petalinux_video_hls.sdk/temp_xsdb_launch_script.tcl
07:57:45 INFO  : XSDB server has started successfully.
07:57:45 INFO  : Processing command line option -hwspec /opt/Xilinx/Projects/zybo_petalinux_video_hls/zybo_petalinux_video_hls.sdk/block_design_0_wrapper.hdf.
07:57:45 INFO  : Checking for hwspec changes in the project block_design_0_wrapper_hw_platform_0.
09:18:26 INFO  : SDK has detected change in the last modified timestamps for source hardware specification file Source:1472044673000,  Project:1471984339000
09:18:26 INFO  : Project block_design_0_wrapper_hw_platform_0's source hardware specification located at /opt/Xilinx/Projects/zybo_petalinux_video_hls/zybo_petalinux_video_hls.sdk/block_design_0_wrapper.hdf is now different from the local copy.
		 The local copy will be replaced with the source specification and your workspace will be updated.
09:18:29 INFO  : Copied contents of /opt/Xilinx/Projects/zybo_petalinux_video_hls/zybo_petalinux_video_hls.sdk/block_design_0_wrapper.hdf into /block_design_0_wrapper_hw_platform_0/system.hdf.
09:18:38 INFO  : Synchronizing projects in the workspace with the hardware platform specification changes.
09:18:39 ERROR : (XSDB Server)ERROR: [Hsi 55-1433] Error boost::filesystem::directory_iterator::construct: Permission denied: "/tmp/systemd-private-35e1c96f9de6407aa3f9e3258adcb202-rtkit-daemon.service-FHXe0X"
ERROR: [Hsi 55-1433] Error boost::filesystem::directory_iterator::construct: Permission denied: "/tmp/systemd-private-35e1c96f9de6407aa3f9e3258adcb202-systemd-timesyncd.service-JHaKnw"
ERROR: [Hsi 55-1433] Error boost::filesystem::directory_iterator::construct: Permission denied: "/tmp/systemd-private-35e1c96f9de6407aa3f9e3258adcb202-colord.service-Dfu0k1"

09:18:39 ERROR : Failed to call sync_sw_with_hw_change
Reason: ERROR: [Common 17-39] 'hsi::open_sw_design' failed due to earlier errors.

09:18:39 ERROR : Error updating BSP project MSS files.
09:18:40 INFO  : Updating hardware inferred compiler options for digilent_vga_example_0.
09:18:41 INFO  : Updating hardware inferred compiler options for standalone_bsp_0_xgpiops_polled_example_1.
09:18:41 INFO  : Clearing existing target manager status.
09:19:18 INFO  : Refreshed build settings on project standalone_bsp_0_xgpiops_polled_example_1
11:58:20 INFO  : SDK has detected change in the last modified timestamps for source hardware specification file Source:1472054024000,  Project:1472044673000
11:58:20 INFO  : Project block_design_0_wrapper_hw_platform_0's source hardware specification located at /opt/Xilinx/Projects/zybo_petalinux_video_hls/zybo_petalinux_video_hls.sdk/block_design_0_wrapper.hdf is now different from the local copy.
		 The local copy will be replaced with the source specification and your workspace will be updated.
11:58:22 INFO  : Copied contents of /opt/Xilinx/Projects/zybo_petalinux_video_hls/zybo_petalinux_video_hls.sdk/block_design_0_wrapper.hdf into /block_design_0_wrapper_hw_platform_0/system.hdf.
11:58:30 INFO  : Synchronizing projects in the workspace with the hardware platform specification changes.
11:58:31 ERROR : (XSDB Server)ERROR: [Hsi 55-1433] Error boost::filesystem::directory_iterator::construct: Permission denied: "/tmp/systemd-private-35e1c96f9de6407aa3f9e3258adcb202-rtkit-daemon.service-FHXe0X"

11:58:31 ERROR : (XSDB Server)ERROR: [Hsi 55-1433] Error boost::filesystem::directory_iterator::construct: Permission denied: "/tmp/systemd-private-35e1c96f9de6407aa3f9e3258adcb202-systemd-timesyncd.service-JHaKnw"
ERROR: [Hsi 55-1433] Error boost::filesystem::directory_iterator::construct: Permission denied: "/tmp/systemd-private-35e1c96f9de6407aa3f9e3258adcb202-colord.service-Dfu0k1"

11:58:31 ERROR : Failed to call sync_sw_with_hw_change
Reason: ERROR: [Common 17-39] 'hsi::open_sw_design' failed due to earlier errors.

11:58:31 ERROR : Error updating BSP project MSS files.
11:58:31 INFO  : Updating hardware inferred compiler options for digilent_vga_example_0.
11:58:32 INFO  : Updating hardware inferred compiler options for standalone_bsp_0_xgpiops_polled_example_1.
11:58:32 INFO  : Clearing existing target manager status.
11:58:32 INFO  : Workspace synchronized with the new hardware specification file. Cleaning dependent projects...
11:58:33 WARN  : Linker script will not be updated automatically. Users need to update it manually.
11:58:33 ERROR : (XSDB Server)ERROR: [Hsi 55-1403] /opt/Xilinx/Projects/zybo_petalinux_video_hls/zybo_petalinux_video_hls.sdk/standalone_bsp_0/system.mss line 123 - No IP instance named ps7_gpio_0 present in hardware design

11:58:33 ERROR : (XSDB Server)ERROR: [Hsi 55-1452] Error: running open_sw_design.

11:58:33 ERROR :  [Common 17-39] 'hsi::open_sw_design' failed due to earlier errors.
11:58:33 ERROR : (XSDB Server)ERROR: [Hsi 55-1403] /opt/Xilinx/Projects/zybo_petalinux_video_hls/zybo_petalinux_video_hls.sdk/standalone_bsp_0/system.mss line 123 - No IP instance named ps7_gpio_0 present in hardware design

11:58:33 ERROR : (XSDB Server)ERROR: [Hsi 55-1452] Error: running open_sw_design.

11:58:33 INFO  : Unable to read in MSS file /opt/Xilinx/Projects/zybo_petalinux_video_hls/zybo_petalinux_video_hls.sdk/standalone_bsp_0/system.mss : null
11:58:33 ERROR : (XSDB Server)ERROR: [Hsi 55-1403] /opt/Xilinx/Projects/zybo_petalinux_video_hls/zybo_petalinux_video_hls.sdk/standalone_bsp_0/system.mss line 123 - No IP instance named ps7_gpio_0 present in hardware design
ERROR: [Hsi 55-1452] Error: running open_sw_design.

11:58:33 ERROR : (XSDB Server)ERROR: [Hsi 55-1403] /opt/Xilinx/Projects/zybo_petalinux_video_hls/zybo_petalinux_video_hls.sdk/standalone_bsp_0/system.mss line 123 - No IP instance named ps7_gpio_0 present in hardware design
ERROR: [Hsi 55-1452] Error: running open_sw_design.

11:58:33 ERROR : Failed to get_connected_periphs
Reason: ERROR: [Common 17-55] 'get_property' expects at least one object.
Resolution: If [get_<value>] was used to populate the object, check to make sure this command returns at least one valid object.

11:58:33 ERROR : (XSDB Server)ERROR: [Hsi 55-1403] /opt/Xilinx/Projects/zybo_petalinux_video_hls/zybo_petalinux_video_hls.sdk/standalone_bsp_0/system.mss line 123 - No IP instance named ps7_gpio_0 present in hardware design

11:58:33 ERROR : (XSDB Server)ERROR: [Hsi 55-1452] Error: running open_sw_design.

11:58:33 ERROR :  [Common 17-39] 'hsi::open_sw_design' failed due to earlier errors.
11:58:33 ERROR : (XSDB Server)ERROR: [Hsi 55-1403] /opt/Xilinx/Projects/zybo_petalinux_video_hls/zybo_petalinux_video_hls.sdk/standalone_bsp_0/system.mss line 123 - No IP instance named ps7_gpio_0 present in hardware design

11:58:33 ERROR : (XSDB Server)ERROR: [Hsi 55-1452] Error: running open_sw_design.

11:58:33 INFO  : Unable to read in MSS file /opt/Xilinx/Projects/zybo_petalinux_video_hls/zybo_petalinux_video_hls.sdk/standalone_bsp_0/system.mss : null
11:58:33 ERROR : (XSDB Server)ERROR: [Hsi 55-1403] /opt/Xilinx/Projects/zybo_petalinux_video_hls/zybo_petalinux_video_hls.sdk/standalone_bsp_0/system.mss line 123 - No IP instance named ps7_gpio_0 present in hardware design

11:58:33 ERROR : (XSDB Server)ERROR: [Hsi 55-1452] Error: running open_sw_design.

11:58:33 ERROR : (XSDB Server)ERROR: [Hsi 55-1403] /opt/Xilinx/Projects/zybo_petalinux_video_hls/zybo_petalinux_video_hls.sdk/standalone_bsp_0/system.mss line 123 - No IP instance named ps7_gpio_0 present in hardware design

11:58:33 ERROR : (XSDB Server)ERROR: [Hsi 55-1452] Error: running open_sw_design.

11:58:33 ERROR : Failed to get_connected_periphs
Reason: ERROR: [Common 17-55] 'get_property' expects at least one object.
Resolution: If [get_<value>] was used to populate the object, check to make sure this command returns at least one valid object.

11:58:38 ERROR : (XSDB Server)ERROR: [Hsi 55-1403] /opt/Xilinx/Projects/zybo_petalinux_video_hls/zybo_petalinux_video_hls.sdk/standalone_bsp_0/system.mss line 123 - No IP instance named ps7_gpio_0 present in hardware design
ERROR: [Hsi 55-1452] Error: running open_sw_design.

11:58:38 ERROR :  [Common 17-39] 'hsi::open_sw_design' failed due to earlier errors.
11:58:38 ERROR : (XSDB Server)ERROR: [Hsi 55-1403] /opt/Xilinx/Projects/zybo_petalinux_video_hls/zybo_petalinux_video_hls.sdk/standalone_bsp_0/system.mss line 123 - No IP instance named ps7_gpio_0 present in hardware design
ERROR: [Hsi 55-1452] Error: running open_sw_design.

11:58:38 INFO  : Unable to read in MSS file /opt/Xilinx/Projects/zybo_petalinux_video_hls/zybo_petalinux_video_hls.sdk/standalone_bsp_0/system.mss : null
11:58:38 ERROR : (XSDB Server)ERROR: [Hsi 55-1403] /opt/Xilinx/Projects/zybo_petalinux_video_hls/zybo_petalinux_video_hls.sdk/standalone_bsp_0/system.mss line 123 - No IP instance named ps7_gpio_0 present in hardware design

11:58:38 ERROR : (XSDB Server)ERROR: [Hsi 55-1452] Error: running open_sw_design.

11:58:38 ERROR : (XSDB Server)ERROR: [Hsi 55-1403] /opt/Xilinx/Projects/zybo_petalinux_video_hls/zybo_petalinux_video_hls.sdk/standalone_bsp_0/system.mss line 123 - No IP instance named ps7_gpio_0 present in hardware design

11:58:38 ERROR : (XSDB Server)ERROR: [Hsi 55-1452] Error: running open_sw_design.

11:58:38 ERROR : (XSDB Server)ERROR: [Hsi 55-1403] /opt/Xilinx/Projects/zybo_petalinux_video_hls/zybo_petalinux_video_hls.sdk/standalone_bsp_0/system.mss line 123 - No IP instance named ps7_gpio_0 present in hardware design

11:58:38 ERROR : (XSDB Server)ERROR: [Hsi 55-1452] Error: running open_sw_design.

11:58:38 ERROR :  [Common 17-39] 'hsi::open_sw_design' failed due to earlier errors.
11:58:38 ERROR : (XSDB Server)ERROR: [Hsi 55-1403] /opt/Xilinx/Projects/zybo_petalinux_video_hls/zybo_petalinux_video_hls.sdk/standalone_bsp_0/system.mss line 123 - No IP instance named ps7_gpio_0 present in hardware design

11:58:38 ERROR : (XSDB Server)ERROR: [Hsi 55-1452] Error: running open_sw_design.

11:58:38 INFO  : Unable to read in MSS file /opt/Xilinx/Projects/zybo_petalinux_video_hls/zybo_petalinux_video_hls.sdk/standalone_bsp_0/system.mss : null
11:58:38 ERROR : (XSDB Server)ERROR: [Hsi 55-1403] /opt/Xilinx/Projects/zybo_petalinux_video_hls/zybo_petalinux_video_hls.sdk/standalone_bsp_0/system.mss line 123 - No IP instance named ps7_gpio_0 present in hardware design

11:58:38 ERROR : (XSDB Server)ERROR: [Hsi 55-1452] Error: running open_sw_design.

11:58:38 ERROR : Failed to closesw "/opt/Xilinx/Projects/zybo_petalinux_video_hls/zybo_petalinux_video_hls.sdk/standalone_bsp_0/system.mss"
Reason: Cannot close sw design '/opt/Xilinx/Projects/zybo_petalinux_video_hls/zybo_petalinux_video_hls.sdk/standalone_bsp_0/system.mss'.
Design is not opened in the current session.


11:59:01 ERROR : (XSDB Server)ERROR: [Hsi 55-1403] /opt/Xilinx/Projects/zybo_petalinux_video_hls/zybo_petalinux_video_hls.sdk/standalone_bsp_0/system.mss line 123 - No IP instance named ps7_gpio_0 present in hardware design
ERROR: [Hsi 55-1452] Error: running open_sw_design.

11:59:01 ERROR :  [Common 17-39] 'hsi::open_sw_design' failed due to earlier errors.
11:59:01 ERROR : (XSDB Server)ERROR: [Hsi 55-1403] /opt/Xilinx/Projects/zybo_petalinux_video_hls/zybo_petalinux_video_hls.sdk/standalone_bsp_0/system.mss line 123 - No IP instance named ps7_gpio_0 present in hardware design

11:59:01 ERROR : (XSDB Server)ERROR: [Hsi 55-1452] Error: running open_sw_design.

11:59:01 INFO  : Unable to read in MSS file /opt/Xilinx/Projects/zybo_petalinux_video_hls/zybo_petalinux_video_hls.sdk/standalone_bsp_0/system.mss : null
11:59:01 ERROR : (XSDB Server)ERROR: [Hsi 55-1403] /opt/Xilinx/Projects/zybo_petalinux_video_hls/zybo_petalinux_video_hls.sdk/standalone_bsp_0/system.mss line 123 - No IP instance named ps7_gpio_0 present in hardware design

11:59:01 ERROR : (XSDB Server)ERROR: [Hsi 55-1452] Error: running open_sw_design.

11:59:01 ERROR : (XSDB Server)ERROR: [Hsi 55-1403] /opt/Xilinx/Projects/zybo_petalinux_video_hls/zybo_petalinux_video_hls.sdk/standalone_bsp_0/system.mss line 123 - No IP instance named ps7_gpio_0 present in hardware design
ERROR: [Hsi 55-1452] Error: running open_sw_design.

11:59:01 ERROR : (XSDB Server)ERROR: [Hsi 55-1403] /opt/Xilinx/Projects/zybo_petalinux_video_hls/zybo_petalinux_video_hls.sdk/standalone_bsp_0/system.mss line 123 - No IP instance named ps7_gpio_0 present in hardware design

11:59:01 ERROR : (XSDB Server)ERROR: [Hsi 55-1452] Error: running open_sw_design.

11:59:01 ERROR :  [Common 17-39] 'hsi::open_sw_design' failed due to earlier errors.
11:59:01 ERROR : (XSDB Server)ERROR: [Hsi 55-1403] /opt/Xilinx/Projects/zybo_petalinux_video_hls/zybo_petalinux_video_hls.sdk/standalone_bsp_0/system.mss line 123 - No IP instance named ps7_gpio_0 present in hardware design

11:59:01 ERROR : (XSDB Server)ERROR: [Hsi 55-1452] Error: running open_sw_design.

11:59:01 INFO  : Unable to read in MSS file /opt/Xilinx/Projects/zybo_petalinux_video_hls/zybo_petalinux_video_hls.sdk/standalone_bsp_0/system.mss : null
11:59:01 ERROR : (XSDB Server)ERROR: [Hsi 55-1403] /opt/Xilinx/Projects/zybo_petalinux_video_hls/zybo_petalinux_video_hls.sdk/standalone_bsp_0/system.mss line 123 - No IP instance named ps7_gpio_0 present in hardware design

11:59:01 ERROR : (XSDB Server)ERROR: [Hsi 55-1452] Error: running open_sw_design.

11:59:01 ERROR : Failed to closesw "/opt/Xilinx/Projects/zybo_petalinux_video_hls/zybo_petalinux_video_hls.sdk/standalone_bsp_0/system.mss"
Reason: Cannot close sw design '/opt/Xilinx/Projects/zybo_petalinux_video_hls/zybo_petalinux_video_hls.sdk/standalone_bsp_0/system.mss'.
Design is not opened in the current session.


12:01:01 ERROR : (XSDB Server)ERROR: [Hsi 55-1403] /opt/Xilinx/Projects/zybo_petalinux_video_hls/zybo_petalinux_video_hls.sdk/standalone_bsp_0/system.mss line 123 - No IP instance named ps7_gpio_0 present in hardware design

12:01:01 ERROR : (XSDB Server)ERROR: [Hsi 55-1452] Error: running open_sw_design.

12:01:01 ERROR :  [Common 17-39] 'hsi::open_sw_design' failed due to earlier errors.
12:01:01 ERROR : (XSDB Server)ERROR: [Hsi 55-1403] /opt/Xilinx/Projects/zybo_petalinux_video_hls/zybo_petalinux_video_hls.sdk/standalone_bsp_0/system.mss line 123 - No IP instance named ps7_gpio_0 present in hardware design

12:01:01 ERROR : (XSDB Server)ERROR: [Hsi 55-1452] Error: running open_sw_design.

12:01:01 INFO  : Unable to read in MSS file /opt/Xilinx/Projects/zybo_petalinux_video_hls/zybo_petalinux_video_hls.sdk/standalone_bsp_0/system.mss : null
12:01:01 ERROR : Failed to closesw "/opt/Xilinx/Projects/zybo_petalinux_video_hls/zybo_petalinux_video_hls.sdk/standalone_bsp_0/system.mss"
Reason: Cannot close sw design '/opt/Xilinx/Projects/zybo_petalinux_video_hls/zybo_petalinux_video_hls.sdk/standalone_bsp_0/system.mss'.
Design is not opened in the current session.


12:01:21 INFO  : Refreshed build settings on project standalone_bsp_0_xgpiops_polled_example_1
18:13:08 INFO  : SDK has detected change in the last modified timestamps for source hardware specification file Source:1472063733000,  Project:1472054024000
18:13:08 INFO  : Project block_design_0_wrapper_hw_platform_0's source hardware specification located at /opt/Xilinx/Projects/zybo_petalinux_video_hls/zybo_petalinux_video_hls.sdk/block_design_0_wrapper.hdf is now different from the local copy.
		 The local copy will be replaced with the source specification and your workspace will be updated.
18:13:09 INFO  : Copied contents of /opt/Xilinx/Projects/zybo_petalinux_video_hls/zybo_petalinux_video_hls.sdk/block_design_0_wrapper.hdf into /block_design_0_wrapper_hw_platform_0/system.hdf.
18:13:15 INFO  : Synchronizing projects in the workspace with the hardware platform specification changes.
18:13:16 ERROR : (XSDB Server)ERROR: [Hsi 55-1433] Error boost::filesystem::directory_iterator::construct: Permission denied: "/tmp/systemd-private-35e1c96f9de6407aa3f9e3258adcb202-rtkit-daemon.service-FHXe0X"

18:13:16 ERROR : (XSDB Server)ERROR: [Hsi 55-1433] Error boost::filesystem::directory_iterator::construct: Permission denied: "/tmp/systemd-private-35e1c96f9de6407aa3f9e3258adcb202-systemd-timesyncd.service-JHaKnw"
ERROR: [Hsi 55-1433] Error boost::filesystem::directory_iterator::construct: Permission denied: "/tmp/systemd-private-35e1c96f9de6407aa3f9e3258adcb202-colord.service-Dfu0k1"

18:13:16 ERROR : Failed to call sync_sw_with_hw_change
Reason: ERROR: [Common 17-39] 'hsi::open_sw_design' failed due to earlier errors.

18:13:16 ERROR : Error updating BSP project MSS files.
18:13:17 INFO  : Updating hardware inferred compiler options for digilent_vga_example_0.
18:13:17 INFO  : Clearing existing target manager status.
18:13:17 INFO  : Closing and re-opening the MSS file of ther project standalone_bsp_0
18:13:18 INFO  : Closing and re-opening the MSS file of ther project standalone_bsp_0
18:13:18 INFO  : Closing and re-opening the MSS file of ther project standalone_bsp_0
18:13:18 INFO  : Workspace synchronized with the new hardware specification file. Cleaning dependent projects...
18:13:18 WARN  : Linker script will not be updated automatically. Users need to update it manually.
18:55:32 ERROR : Unexpected error while parsing XMD response ￿: com.google.gson.JsonSyntaxException: com.google.gson.stream.MalformedJsonException: invalid number or unquoted string near 
18:49:59 INFO  : Launching XSDB server: xsdb -n -interactive /opt/Xilinx/Projects/zybo_petalinux_video_hls/zybo_petalinux_video_hls.sdk/temp_xsdb_launch_script.tcl
18:50:00 INFO  : XSDB server has started successfully.
18:50:00 INFO  : Processing command line option -hwspec /opt/Xilinx/Projects/zybo_petalinux_video_hls/zybo_petalinux_video_hls.sdk/block_design_0_wrapper.hdf.
18:50:00 INFO  : Checking for hwspec changes in the project block_design_0_wrapper_hw_platform_0.
07:55:32 INFO  : Launching XSDB server: xsdb -n -interactive /opt/Xilinx/Projects/zybo_petalinux_video_hls/zybo_petalinux_video_hls.sdk/temp_xsdb_launch_script.tcl
07:55:34 INFO  : XSDB server has started successfully.
07:55:34 INFO  : Processing command line option -hwspec /opt/Xilinx/Projects/zybo_petalinux_video_hls/zybo_petalinux_video_hls.sdk/block_design_0_wrapper.hdf.
07:55:34 INFO  : Checking for hwspec changes in the project block_design_0_wrapper_hw_platform_0.
07:55:38 INFO  : SDK has detected change in the last modified timestamps for source hardware specification file Source:1472186260000,  Project:1472063733000
07:55:38 INFO  : The hardware specification for project 'block_design_0_wrapper_hw_platform_0' is different from /opt/Xilinx/Projects/zybo_petalinux_video_hls/zybo_petalinux_video_hls.sdk/block_design_0_wrapper.hdf.
07:55:38 INFO  : Copied contents of /opt/Xilinx/Projects/zybo_petalinux_video_hls/zybo_petalinux_video_hls.sdk/block_design_0_wrapper.hdf into /block_design_0_wrapper_hw_platform_0/system.hdf.
07:55:47 INFO  : Synchronizing projects in the workspace with the hardware platform specification changes.
07:55:47 ERROR : (XSDB Server)ERROR: [Hsi 55-1433] Error boost::filesystem::directory_iterator::construct: Permission denied: "/tmp/systemd-private-5af7cac537e1437c959fb60124faf8ac-colord.service-yjUgwO"
ERROR: [Hsi 55-1433] Error boost::filesystem::directory_iterator::construct: Permission denied: "/tmp/systemd-private-5af7cac537e1437c959fb60124faf8ac-systemd-timesyncd.service-3z3JFn"

07:55:47 ERROR : (XSDB Server)ERROR: [Hsi 55-1433] Error boost::filesystem::directory_iterator::construct: Permission denied: "/tmp/systemd-private-5af7cac537e1437c959fb60124faf8ac-rtkit-daemon.service-F9UOW8"

07:55:48 ERROR : Failed to call sync_sw_with_hw_change
Reason: ERROR: [Common 17-39] 'hsi::open_sw_design' failed due to earlier errors.

07:55:48 ERROR : Error updating BSP project MSS files.
07:55:49 INFO  : Updating hardware inferred compiler options for digilent_vga_example_0.
07:55:49 INFO  : Clearing existing target manager status.
07:55:52 INFO  : Workspace synchronized with the new hardware specification file. Cleaning dependent projects...
07:55:53 WARN  : Linker script will not be updated automatically. Users need to update it manually.
13:23:29 INFO  : SDK has detected change in the last modified timestamps for source hardware specification file Source:1472218288000,  Project:1472186260000
13:23:29 INFO  : Project block_design_0_wrapper_hw_platform_0's source hardware specification located at /opt/Xilinx/Projects/zybo_petalinux_video_hls/zybo_petalinux_video_hls.sdk/block_design_0_wrapper.hdf is now different from the local copy.
		 The local copy will be replaced with the source specification and your workspace will be updated.
13:23:30 INFO  : Copied contents of /opt/Xilinx/Projects/zybo_petalinux_video_hls/zybo_petalinux_video_hls.sdk/block_design_0_wrapper.hdf into /block_design_0_wrapper_hw_platform_0/system.hdf.
13:23:37 INFO  : Synchronizing projects in the workspace with the hardware platform specification changes.
13:23:38 ERROR : (XSDB Server)ERROR: [Hsi 55-1433] Error boost::filesystem::directory_iterator::construct: Permission denied: "/tmp/systemd-private-5af7cac537e1437c959fb60124faf8ac-colord.service-yjUgwO"
ERROR: [Hsi 55-1433] Error boost::filesystem::directory_iterator::construct: Permission denied: "/tmp/systemd-private-5af7cac537e1437c959fb60124faf8ac-systemd-timesyncd.service-3z3JFn"
ERROR: [Hsi 55-1433] Error boost::filesystem::directory_iterator::construct: Permission denied: "/tmp/systemd-private-5af7cac537e1437c959fb60124faf8ac-rtkit-daemon.service-F9UOW8"

13:23:38 ERROR : Failed to call sync_sw_with_hw_change
Reason: ERROR: [Common 17-39] 'hsi::open_sw_design' failed due to earlier errors.

13:23:38 ERROR : Error updating BSP project MSS files.
13:23:39 INFO  : Updating hardware inferred compiler options for digilent_vga_example_0.
13:23:39 INFO  : Clearing existing target manager status.
13:23:39 INFO  : Workspace synchronized with the new hardware specification file. Cleaning dependent projects...
13:23:39 WARN  : Linker script will not be updated automatically. Users need to update it manually.
13:38:57 INFO  : Invoking Bootgen: bootgen -image output.bif -arch zynq -o /opt/Xilinx/Projects/zybo_petalinux_video_hls/petalinux_proj/images/linux/BOOT.bin
13:38:57 INFO  : Creating new bif file /opt/Xilinx/Projects/zybo_petalinux_video_hls/petalinux_proj/images/linux/output.bif
13:38:58 INFO  : Bootgen command execution is done.
14:07:32 ERROR : Unexpected error while parsing XMD response ￿: com.google.gson.JsonSyntaxException: com.google.gson.stream.MalformedJsonException: invalid number or unquoted string near 
