#-----------------------------------------------------------
# Webtalk v2016.2 (64-bit)
# SW Build 1577090 on Thu Jun  2 16:32:35 MDT 2016
# 
# Start of session at: Fri Aug 19 18:33:16 2016
# Process ID: 32337
# Current directory: /opt/Xilinx/Projects/zybo_petalinux_video_hls/zybo_petalinux_video_hls.sdk/webtalk
# Command line: wbtcv -mode batch -source sdk_webtalk.tcl
# Log file: /opt/Xilinx/Projects/zybo_petalinux_video_hls/zybo_petalinux_video_hls.sdk/webtalk/webtalk.log
# Journal file: /opt/Xilinx/Projects/zybo_petalinux_video_hls/zybo_petalinux_video_hls.sdk/webtalk/webtalk.jou
#-----------------------------------------------------------
source sdk_webtalk.tcl
# webtalk_init -webtalk_dir /opt/Xilinx/Projects/zybo_petalinux_video_hls/zybo_petalinux_video_hls.sdk/webtalk
# webtalk_register_client -client project
# webtalk_add_data -client project -key date_generated -value "Fri Aug 19 18:33:16 2016" -context "software_version_and_target_device"
# webtalk_add_data -client project -key product_version -value "SDK v2016.2" -context "software_version_and_target_device"
# webtalk_add_data -client project -key build_version -value "2016.2" -context "software_version_and_target_device"
# webtalk_add_data -client project -key os_platform -value "amd64" -context "software_version_and_target_device"
# webtalk_add_data -client project -key registration_id -value "" -context "software_version_and_target_device"
# webtalk_add_data -client project -key tool_flow -value "SDK" -context "software_version_and_target_device"
# webtalk_add_data -client project -key beta -value "false" -context "software_version_and_target_device"
# webtalk_add_data -client project -key route_design -value "NA" -context "software_version_and_target_device"
# webtalk_add_data -client project -key target_family -value "NA" -context "software_version_and_target_device"
# webtalk_add_data -client project -key target_device -value "NA" -context "software_version_and_target_device"
# webtalk_add_data -client project -key target_package -value "NA" -context "software_version_and_target_device"
# webtalk_add_data -client project -key target_speed -value "NA" -context "software_version_and_target_device"
# webtalk_add_data -client project -key random_id -value "6rk3ocfo0op324cncno6hvjqa2" -context "software_version_and_target_device"
# webtalk_add_data -client project -key project_id -value "2016.2_16" -context "software_version_and_target_device"
# webtalk_add_data -client project -key project_iteration -value "16" -context "software_version_and_target_device"
# webtalk_add_data -client project -key os_name -value "" -context "user_environment"
# webtalk_add_data -client project -key os_release -value "" -context "user_environment"
# webtalk_add_data -client project -key cpu_name -value "" -context "user_environment"
# webtalk_add_data -client project -key cpu_speed -value "" -context "user_environment"
# webtalk_add_data -client project -key total_processors -value "" -context "user_environment"
# webtalk_add_data -client project -key system_ram -value "" -context "user_environment"
# webtalk_register_client -client sdk
# webtalk_add_data -client sdk -key uid -value "1471636439000" -context "sdk\\\\application/1471636439000"
# webtalk_add_data -client sdk -key os -value "linux" -context "sdk\\\\application/1471636439000"
# webtalk_add_data -client sdk -key apptemplate -value "empty_application" -context "sdk\\\\application/1471636439000"
# webtalk_transmit -clientid 1046091523 -regid "" -xml /opt/Xilinx/Projects/zybo_petalinux_video_hls/zybo_petalinux_video_hls.sdk/webtalk/usage_statistics_ext_sdk.xml -html /opt/Xilinx/Projects/zybo_petalinux_video_hls/zybo_petalinux_video_hls.sdk/webtalk/usage_statistics_ext_sdk.html -wdm /opt/Xilinx/Projects/zybo_petalinux_video_hls/zybo_petalinux_video_hls.sdk/webtalk/sdk_webtalk.wdm -intro "<H3>SDK Usage Report</H3><BR>"
# webtalk_terminate
INFO: [Common 17-206] Exiting Webtalk at Fri Aug 19 18:33:16 2016...
